2023-08-02 16:26:25.566 [info] Log level: Info
2023-08-02 16:26:25.566 [info] Validating found git in: "git"
2023-08-02 16:26:25.566 [info] Using git "2.30.2" from "git"
2023-08-02 16:26:25.566 [info] > git rev-parse --show-toplevel [52ms]
2023-08-02 16:26:25.566 [info] > git rev-parse --git-dir --git-common-dir [36ms]
2023-08-02 16:26:25.566 [info] Open repository: /root/stratux
2023-08-02 16:26:25.603 [info] > git rev-parse --show-toplevel [39ms]
2023-08-02 16:26:25.660 [info] > git config --get commit.template [64ms]
2023-08-02 16:26:25.692 [info] > git rev-parse --show-toplevel [58ms]
2023-08-02 16:26:25.712 [info] > git for-each-ref --format=%(refname)%00%(upstream:short)%00%(objectname)%00%(upstream:track)%00%(upstream:remotename)%00%(upstream:remoteref) refs/heads/master refs/remotes/master [31ms]
2023-08-02 16:26:25.756 [info] > git rev-parse --show-toplevel [46ms]
2023-08-02 16:26:25.797 [info] > git rev-parse --show-toplevel [8ms]
2023-08-02 16:26:25.865 [info] > git rev-parse --show-toplevel [13ms]
2023-08-02 16:26:25.899 [info] > git rev-parse --show-toplevel [15ms]
2023-08-02 16:26:25.932 [info] > git rev-parse --show-toplevel [18ms]
2023-08-02 16:26:25.965 [info] > git rev-parse --git-dir --git-common-dir [18ms]
2023-08-02 16:26:25.991 [info] Open repository: /root/stratux/dump1090
2023-08-02 16:26:26.063 [info] > git rev-parse --show-toplevel [49ms]
2023-08-02 16:26:26.094 [info] > git rev-parse --show-toplevel [14ms]
2023-08-02 16:26:26.118 [info] > git config --get commit.template [71ms]
2023-08-02 16:26:26.155 [info] > git status -z -uall [406ms]
2023-08-02 16:26:26.157 [info] > git rev-parse --show-toplevel [42ms]
2023-08-02 16:26:26.294 [info] > git rev-parse --show-toplevel [121ms]
2023-08-02 16:26:26.318 [info] > git for-each-ref --format %(refname) %(objectname) %(*objectname) refs/tags [169ms]
2023-08-02 16:26:26.818 [info] > git status -z -uall [476ms]
2023-08-02 16:26:26.845 [info] > git rev-parse --show-toplevel [529ms]
2023-08-02 16:26:26.866 [info] > git config --get commit.template [574ms]
2023-08-02 16:26:27.026 [info] > git config --get commit.template [80ms]
2023-08-02 16:26:27.027 [info] > git rev-parse --show-toplevel [162ms]
2023-08-02 16:26:27.076 [info] > git rev-parse --show-toplevel [26ms]
2023-08-02 16:26:27.123 [info] > git for-each-ref --format=%(refname)%00%(upstream:short)%00%(objectname)%00%(upstream:track)%00%(upstream:remotename)%00%(upstream:remoteref) refs/heads/master refs/remotes/master [105ms]
2023-08-02 16:26:27.196 [info] > git rev-parse --show-toplevel [74ms]
2023-08-02 16:26:27.228 [info] > git for-each-ref --format %(refname) %(objectname) %(*objectname) refs/tags [33ms]
2023-08-02 16:26:27.253 [info] > git rev-parse --show-toplevel [28ms]
2023-08-02 16:26:27.293 [info] > git status -z -uall [43ms]
2023-08-02 16:26:27.304 [info] > git rev-parse --git-dir --git-common-dir [14ms]
2023-08-02 16:26:27.367 [info] Open repository: /root/stratux/rtl-ais
2023-08-02 16:26:27.466 [info] > git status -z -uall [304ms]
2023-08-02 16:26:27.467 [info] > git rev-parse --show-toplevel [57ms]
2023-08-02 16:26:27.511 [info] > git config --get commit.template [47ms]
2023-08-02 16:26:27.545 [info] > git rev-parse --show-toplevel [39ms]
2023-08-02 16:26:27.624 [info] > git check-ignore -v -z --stdin [28ms]
2023-08-02 16:26:27.630 [info] > git check-ignore -v -z --stdin [12ms]
2023-08-02 16:26:27.641 [info] > git for-each-ref --format %(refname) %(objectname) %(*objectname) refs/tags [66ms]
2023-08-02 16:26:27.667 [info] > git rev-parse --show-toplevel [107ms]
2023-08-02 16:26:28.183 [info] > git status -z -uall [518ms]
2023-08-02 16:26:28.183 [info] > git rev-parse --show-toplevel [499ms]
2023-08-02 16:26:28.272 [info] > git rev-parse --show-toplevel [71ms]
2023-08-02 16:26:28.386 [info] > git rev-parse --show-toplevel [79ms]
2023-08-02 16:26:28.403 [info] > git config --get commit.template [134ms]
2023-08-02 16:26:28.417 [info] > git rev-parse --show-toplevel [15ms]
2023-08-02 16:26:28.453 [info] > git rev-parse --show-toplevel [19ms]
2023-08-02 16:26:28.477 [info] > git for-each-ref --format %(refname) %(objectname) %(*objectname) refs/tags [26ms]
2023-08-02 16:26:28.498 [info] > git rev-parse --show-toplevel [25ms]
2023-08-02 16:26:28.519 [info] > git status -z -uall [25ms]
2023-08-02 16:26:28.550 [info] > git rev-parse --git-dir --git-common-dir [33ms]
2023-08-02 16:26:28.565 [info] Open repository: /root/stratux/ogn/esp32-ogn-tracker
2023-08-02 16:26:28.608 [info] > git config --get commit.template [25ms]
2023-08-02 16:26:28.611 [info] > git for-each-ref --format %(refname) %(objectname) %(*objectname) refs/tags [5ms]
2023-08-02 16:26:28.639 [info] > git status -z -uall [7ms]
2023-08-02 16:26:28.707 [info] > git config --get commit.template [23ms]
2023-08-02 16:26:28.717 [info] > git for-each-ref --format %(refname) %(objectname) %(*objectname) refs/tags [11ms]
2023-08-02 16:26:28.757 [info] > git status -z -uall [23ms]
2023-08-02 16:26:29.419 [info] > git check-ignore -v -z --stdin [91ms]
2023-08-02 16:26:29.422 [info] > git check-ignore -v -z --stdin [59ms]
2023-08-02 16:26:29.431 [info] > git check-ignore -v -z --stdin [23ms]
2023-08-02 16:26:31.565 [info] > git show --textconv :.github/FUNDING.yml [71ms]
2023-08-02 16:26:31.646 [info] > git ls-files --stage -- /root/stratux/.github/FUNDING.yml [85ms]
2023-08-02 16:26:31.714 [info] > git cat-file -s 3e8f8ba18e9f326fd7251abbfa0d33288c2c6cd8 [31ms]
2023-08-02 16:26:33.860 [info] > git check-ignore -v -z --stdin [4ms]
2023-08-02 16:26:34.147 [info] > git config --get commit.template [4ms]
2023-08-02 16:26:34.170 [info] > git for-each-ref --format=%(refname)%00%(upstream:short)%00%(objectname)%00%(upstream:track)%00%(upstream:remotename)%00%(upstream:remoteref) refs/heads/master refs/remotes/master [5ms]
2023-08-02 16:26:34.404 [info] > git status -z -uall [219ms]
2023-08-02 16:26:36.972 [info] > git check-ignore -v -z --stdin [4ms]
2023-08-02 16:26:39.456 [info] > git config --get commit.template [4ms]
2023-08-02 16:26:39.481 [info] > git for-each-ref --format=%(refname)%00%(upstream:short)%00%(objectname)%00%(upstream:track)%00%(upstream:remotename)%00%(upstream:remoteref) refs/heads/master refs/remotes/master [9ms]
2023-08-02 16:26:39.709 [info] > git status -z -uall [212ms]
2023-08-02 16:26:44.755 [info] > git config --get commit.template [3ms]
2023-08-02 16:26:44.774 [info] > git for-each-ref --format=%(refname)%00%(upstream:short)%00%(objectname)%00%(upstream:track)%00%(upstream:remotename)%00%(upstream:remoteref) refs/heads/master refs/remotes/master [4ms]
2023-08-02 16:26:44.988 [info] > git status -z -uall [198ms]
2023-08-02 16:26:50.102 [info] > git config --get commit.template [46ms]
2023-08-02 16:26:50.109 [info] > git for-each-ref --format=%(refname)%00%(upstream:short)%00%(objectname)%00%(upstream:track)%00%(upstream:remotename)%00%(upstream:remoteref) refs/heads/master refs/remotes/master [12ms]
2023-08-02 16:26:50.329 [info] > git status -z -uall [203ms]
2023-08-02 16:26:55.407 [info] > git config --get commit.template [10ms]
2023-08-02 16:26:55.440 [info] > git for-each-ref --format=%(refname)%00%(upstream:short)%00%(objectname)%00%(upstream:track)%00%(upstream:remotename)%00%(upstream:remoteref) refs/heads/master refs/remotes/master [7ms]
2023-08-02 16:26:55.669 [info] > git status -z -uall [210ms]
